2025-11-22 09:37:04,015 slice_student-Train
2025-11-22 09:37:04,908 use: 1 gpus
2025-11-22 09:37:05,083 Epoch: 0/100 lr 1.000000e-04
2025-11-22 09:43:33,747 validating....
2025-11-22 09:46:11,055 Epoch 1, validation AUC is 70.7600, training loss is 1.0317
2025-11-22 09:46:11,484 Epoch: 1/100 lr 1.000000e-04
2025-11-22 09:52:46,341 validating....
2025-11-22 09:55:23,225 Epoch 2, validation AUC is 72.5933, training loss is 0.9559
2025-11-22 09:55:23,776 Epoch: 2/100 lr 1.000000e-04
2025-11-22 10:01:58,624 validating....
2025-11-22 10:04:36,014 Epoch 3, validation AUC is 74.0881, training loss is 0.9302
2025-11-22 10:04:36,572 Epoch: 3/100 lr 1.000000e-04
2025-11-22 10:11:11,757 validating....
2025-11-22 10:13:49,454 Epoch 4, validation AUC is 74.2713, training loss is 0.9132
2025-11-22 10:13:50,018 Epoch: 4/100 lr 1.000000e-04
2025-11-22 10:20:25,067 validating....
2025-11-22 10:23:01,809 Epoch 5, validation AUC is 77.0295, training loss is 0.8918
2025-11-22 10:23:02,348 Epoch: 5/100 lr 1.000000e-04
2025-11-22 10:29:37,116 validating....
2025-11-22 10:32:14,123 Epoch 6, validation AUC is 75.9481, training loss is 0.8641
2025-11-22 10:32:14,125 Epoch: 6/100 lr 1.000000e-04
2025-11-22 10:38:48,984 validating....
2025-11-22 10:41:26,396 Epoch 7, validation AUC is 78.4798, training loss is 0.8541
2025-11-22 10:41:26,940 Epoch: 7/100 lr 1.000000e-04
2025-11-22 10:48:01,675 validating....
2025-11-22 10:50:38,584 Epoch 8, validation AUC is 81.0433, training loss is 0.8311
2025-11-22 10:50:39,126 Epoch: 8/100 lr 1.000000e-04
2025-11-22 10:57:14,611 validating....
2025-11-22 10:59:51,393 Epoch 9, validation AUC is 78.1382, training loss is 0.8049
2025-11-22 10:59:51,396 Epoch: 9/100 lr 1.000000e-04
2025-11-22 11:06:26,080 validating....
2025-11-22 11:09:03,407 Epoch 10, validation AUC is 81.1982, training loss is 0.7954
2025-11-22 11:09:03,948 Epoch: 10/100 lr 1.000000e-04
2025-11-22 11:15:39,139 validating....
2025-11-22 11:18:16,379 Epoch 11, validation AUC is 81.1531, training loss is 0.7818
2025-11-22 11:18:16,381 Epoch: 11/100 lr 1.000000e-04
2025-11-22 11:24:52,047 validating....
2025-11-22 11:27:29,700 Epoch 12, validation AUC is 80.6184, training loss is 0.7680
2025-11-22 11:27:29,702 Epoch: 12/100 lr 1.000000e-04
2025-11-22 11:34:05,027 validating....
2025-11-22 11:36:42,591 Epoch 13, validation AUC is 82.8498, training loss is 0.7456
2025-11-22 11:36:43,166 Epoch: 13/100 lr 1.000000e-04
2025-11-22 11:43:17,892 validating....
2025-11-22 11:45:55,019 Epoch 14, validation AUC is 83.6359, training loss is 0.7236
2025-11-22 11:45:55,583 Epoch: 14/100 lr 1.000000e-04
2025-11-22 11:52:30,852 validating....
2025-11-22 11:55:07,648 Epoch 15, validation AUC is 84.0041, training loss is 0.7022
2025-11-22 11:55:08,211 Epoch: 15/100 lr 1.000000e-04
2025-11-22 12:01:43,130 validating....
2025-11-22 12:04:20,478 Epoch 16, validation AUC is 83.2360, training loss is 0.6989
2025-11-22 12:04:20,480 Epoch: 16/100 lr 1.000000e-04
2025-11-22 12:10:55,164 validating....
2025-11-22 12:13:31,924 Epoch 17, validation AUC is 85.4770, training loss is 0.6821
2025-11-22 12:13:32,482 Epoch: 17/100 lr 1.000000e-04
2025-11-22 12:20:07,793 validating....
2025-11-22 12:22:44,531 Epoch 18, validation AUC is 85.6323, training loss is 0.6568
2025-11-22 12:22:45,070 Epoch: 18/100 lr 1.000000e-04
2025-11-22 12:29:19,517 validating....
2025-11-22 12:31:56,965 Epoch 19, validation AUC is 85.5805, training loss is 0.6400
2025-11-22 12:31:56,967 Epoch: 19/100 lr 1.000000e-04
2025-11-22 12:38:32,359 validating....
2025-11-22 12:41:09,365 Epoch 20, validation AUC is 86.4317, training loss is 0.6324
2025-11-22 12:41:09,924 Epoch: 20/100 lr 1.000000e-04
2025-11-22 12:47:44,646 validating....
2025-11-22 12:50:21,486 Epoch 21, validation AUC is 86.4061, training loss is 0.6017
2025-11-22 12:50:21,488 Epoch: 21/100 lr 1.000000e-04
2025-11-22 12:56:56,122 validating....
2025-11-22 12:59:33,420 Epoch 22, validation AUC is 88.0064, training loss is 0.5807
2025-11-22 12:59:33,962 Epoch: 22/100 lr 1.000000e-04
2025-11-22 13:06:08,167 validating....
2025-11-22 13:08:44,937 Epoch 23, validation AUC is 88.6762, training loss is 0.5719
2025-11-22 13:08:45,506 Epoch: 23/100 lr 1.000000e-04
2025-11-22 13:15:19,801 validating....
2025-11-22 13:17:56,754 Epoch 24, validation AUC is 87.4247, training loss is 0.5517
2025-11-22 13:17:56,756 Epoch: 24/100 lr 1.000000e-04
2025-11-22 13:24:31,833 validating....
2025-11-22 13:27:08,916 Epoch 25, validation AUC is 85.3549, training loss is 0.5331
2025-11-22 13:27:08,919 Epoch: 25/100 lr 1.000000e-04
2025-11-22 13:33:43,198 validating....
2025-11-22 13:36:20,038 Epoch 26, validation AUC is 88.2201, training loss is 0.5292
2025-11-22 13:36:20,041 Epoch: 26/100 lr 1.000000e-04
2025-11-22 13:42:54,366 validating....
2025-11-22 13:45:31,367 Epoch 27, validation AUC is 90.3481, training loss is 0.4966
2025-11-22 13:45:31,948 Epoch: 27/100 lr 1.000000e-04
2025-11-22 13:52:06,526 validating....
2025-11-22 13:54:43,805 Epoch 28, validation AUC is 90.8973, training loss is 0.4981
2025-11-22 13:54:44,371 Epoch: 28/100 lr 1.000000e-04
2025-11-22 14:01:19,060 validating....
2025-11-22 14:03:55,999 Epoch 29, validation AUC is 89.4117, training loss is 0.4704
2025-11-22 14:03:56,001 Epoch: 29/100 lr 1.000000e-04
2025-11-22 14:10:30,293 validating....
2025-11-22 14:13:06,831 Epoch 30, validation AUC is 89.5385, training loss is 0.4592
2025-11-22 14:13:06,833 Epoch: 30/100 lr 1.000000e-04
2025-11-22 14:19:40,755 validating....
2025-11-22 14:22:17,801 Epoch 31, validation AUC is 89.0539, training loss is 0.4420
2025-11-22 14:22:17,803 Epoch: 31/100 lr 1.000000e-04
2025-11-22 14:28:52,139 validating....
2025-11-22 14:31:29,452 Epoch 32, validation AUC is 89.9046, training loss is 0.4225
2025-11-22 14:31:29,454 Epoch: 32/100 lr 1.000000e-04
2025-11-22 14:38:04,041 validating....
2025-11-22 14:40:40,871 Epoch 33, validation AUC is 91.4200, training loss is 0.4038
2025-11-22 14:40:41,419 Epoch: 33/100 lr 1.000000e-04
2025-11-22 14:47:16,006 validating....
2025-11-22 14:49:53,272 Epoch 34, validation AUC is 90.6946, training loss is 0.3931
2025-11-22 14:49:53,274 Epoch: 34/100 lr 1.000000e-04
2025-11-22 14:56:27,133 validating....
2025-11-22 14:59:04,174 Epoch 35, validation AUC is 92.7537, training loss is 0.3740
2025-11-22 14:59:04,716 Epoch: 35/100 lr 1.000000e-04
2025-11-22 15:05:39,258 validating....
2025-11-22 15:08:15,923 Epoch 36, validation AUC is 93.7359, training loss is 0.3693
2025-11-22 15:08:16,496 Epoch: 36/100 lr 1.000000e-04
2025-11-22 15:14:50,603 validating....
2025-11-22 15:17:27,527 Epoch 37, validation AUC is 90.0533, training loss is 0.3486
2025-11-22 15:17:27,529 Epoch: 37/100 lr 1.000000e-04
2025-11-22 15:24:02,476 validating....
2025-11-22 15:26:39,406 Epoch 38, validation AUC is 92.3637, training loss is 0.3319
2025-11-22 15:26:39,408 Epoch: 38/100 lr 1.000000e-04
2025-11-22 15:33:13,936 validating....
2025-11-22 15:35:50,931 Epoch 39, validation AUC is 91.4443, training loss is 0.3411
2025-11-22 15:35:50,933 Epoch: 39/100 lr 1.000000e-04
2025-11-22 15:42:25,661 validating....
2025-11-22 15:45:02,617 Epoch 40, validation AUC is 90.7387, training loss is 0.3057
2025-11-22 15:45:02,619 Epoch: 40/100 lr 1.000000e-04
2025-11-22 15:51:37,432 validating....
2025-11-22 15:54:14,512 Epoch 41, validation AUC is 92.8243, training loss is 0.3036
2025-11-22 15:54:14,514 Epoch: 41/100 lr 1.000000e-04
2025-11-22 16:00:48,997 validating....
2025-11-22 16:03:25,698 Epoch 42, validation AUC is 94.2936, training loss is 0.2994
2025-11-22 16:03:26,279 Epoch: 42/100 lr 1.000000e-04
2025-11-22 16:10:00,583 validating....
2025-11-22 16:12:37,909 Epoch 43, validation AUC is 92.8874, training loss is 0.3075
2025-11-22 16:12:37,912 Epoch: 43/100 lr 1.000000e-04
2025-11-22 16:19:12,772 validating....
2025-11-22 16:21:49,944 Epoch 44, validation AUC is 94.2805, training loss is 0.2730
2025-11-22 16:21:49,946 Epoch: 44/100 lr 1.000000e-04
2025-11-22 16:28:24,659 validating....
2025-11-22 16:31:01,346 Epoch 45, validation AUC is 93.5035, training loss is 0.2635
2025-11-22 16:31:01,349 Epoch: 45/100 lr 1.000000e-04
2025-11-22 16:37:35,969 validating....
2025-11-22 16:40:12,865 Epoch 46, validation AUC is 94.1533, training loss is 0.2655
2025-11-22 16:40:12,867 Epoch: 46/100 lr 1.000000e-04
2025-11-22 16:46:47,462 validating....
2025-11-22 16:49:25,092 Epoch 47, validation AUC is 91.5335, training loss is 0.2474
2025-11-22 16:49:25,094 Epoch: 47/100 lr 1.000000e-04
2025-11-22 16:56:00,725 validating....
2025-11-22 16:58:37,685 Epoch 48, validation AUC is 93.7871, training loss is 0.2458
2025-11-22 16:58:37,687 Epoch: 48/100 lr 1.000000e-04
2025-11-22 17:05:12,910 validating....
2025-11-22 17:07:50,135 Epoch 49, validation AUC is 92.6788, training loss is 0.2380
2025-11-22 17:07:50,137 Epoch: 49/100 lr 1.000000e-04
2025-11-22 17:14:24,942 validating....
2025-11-22 17:17:02,449 Epoch 50, validation AUC is 95.3509, training loss is 0.2271
2025-11-22 17:17:03,020 Epoch: 50/100 lr 1.000000e-04
2025-11-22 17:23:37,570 validating....
2025-11-22 17:26:14,301 Epoch 51, validation AUC is 93.8699, training loss is 0.2184
2025-11-22 17:26:14,304 Epoch: 51/100 lr 1.000000e-04
2025-11-22 17:32:48,944 validating....
2025-11-22 17:35:26,215 Epoch 52, validation AUC is 94.5373, training loss is 0.2040
2025-11-22 17:35:26,217 Epoch: 52/100 lr 1.000000e-04
2025-11-22 17:42:00,934 validating....
2025-11-22 17:44:38,342 Epoch 53, validation AUC is 93.6419, training loss is 0.2063
2025-11-22 17:44:38,344 Epoch: 53/100 lr 1.000000e-04
2025-11-22 17:51:13,272 validating....
2025-11-22 17:53:50,082 Epoch 54, validation AUC is 94.7947, training loss is 0.2005
2025-11-22 17:53:50,084 Epoch: 54/100 lr 1.000000e-04
2025-11-22 18:00:24,821 validating....
2025-11-22 18:03:01,846 Epoch 55, validation AUC is 93.8620, training loss is 0.1813
2025-11-22 18:03:01,848 Epoch: 55/100 lr 1.000000e-04
2025-11-22 18:09:37,296 validating....
2025-11-22 18:12:14,963 Epoch 56, validation AUC is 94.5027, training loss is 0.1863
2025-11-22 18:12:14,965 Epoch: 56/100 lr 1.000000e-04
2025-11-22 18:18:50,781 validating....
2025-11-22 18:21:28,128 Epoch 57, validation AUC is 94.0729, training loss is 0.1688
2025-11-22 18:21:28,130 Epoch: 57/100 lr 1.000000e-04
2025-11-22 18:28:03,051 validating....
2025-11-22 18:30:39,915 Epoch 58, validation AUC is 93.2163, training loss is 0.1653
2025-11-22 18:30:39,917 Epoch: 58/100 lr 1.000000e-04
2025-11-22 18:37:14,769 validating....
2025-11-22 18:39:52,156 Epoch 59, validation AUC is 95.2451, training loss is 0.1664
2025-11-22 18:39:52,158 Epoch: 59/100 lr 1.000000e-04
2025-11-22 18:46:26,815 validating....
2025-11-22 18:49:04,120 Epoch 60, validation AUC is 94.5084, training loss is 0.1553
2025-11-22 18:49:04,122 Early Stopping
