2025-11-26 15:35:32,021 slice_student-Train
2025-11-26 15:35:34,484 use: 1 gpus
2025-11-26 15:35:34,734 Epoch: 0/100 lr 1.000000e-04
2025-11-26 15:37:37,717 validating....
2025-11-26 15:38:15,246 Epoch 1, validation AUC is 60.1554, training loss is 0.6867
2025-11-26 15:38:15,858 Epoch: 1/100 lr 1.000000e-04
2025-11-26 15:40:24,870 validating....
2025-11-26 15:41:01,925 Epoch 2, validation AUC is 62.1532, training loss is 0.6552
2025-11-26 15:41:02,686 Epoch: 2/100 lr 1.000000e-04
2025-11-26 15:43:25,431 validating....
2025-11-26 15:44:02,763 Epoch 3, validation AUC is 62.9301, training loss is 0.6669
2025-11-26 15:44:03,560 Epoch: 3/100 lr 1.000000e-04
2025-11-26 15:46:08,033 validating....
2025-11-26 15:46:45,053 Epoch 4, validation AUC is 63.5405, training loss is 0.6427
2025-11-26 15:46:45,985 Epoch: 4/100 lr 1.000000e-04
2025-11-26 15:48:48,885 validating....
2025-11-26 15:49:25,925 Epoch 5, validation AUC is 64.7336, training loss is 0.6474
2025-11-26 15:49:26,800 Epoch: 5/100 lr 1.000000e-04
2025-11-26 15:51:31,675 validating....
2025-11-26 15:52:08,916 Epoch 6, validation AUC is 63.9845, training loss is 0.6453
2025-11-26 15:52:08,919 Epoch: 6/100 lr 1.000000e-04
2025-11-26 15:54:12,679 validating....
2025-11-26 15:54:49,635 Epoch 7, validation AUC is 65.7048, training loss is 0.6311
2025-11-26 15:54:50,354 Epoch: 7/100 lr 1.000000e-04
2025-11-26 15:56:54,092 validating....
2025-11-26 15:57:31,566 Epoch 8, validation AUC is 65.3718, training loss is 0.6656
2025-11-26 15:57:31,568 Epoch: 8/100 lr 1.000000e-04
2025-11-26 15:59:35,927 validating....
2025-11-26 16:00:13,030 Epoch 9, validation AUC is 65.9545, training loss is 0.6442
2025-11-26 16:00:13,757 Epoch: 9/100 lr 1.000000e-04
2025-11-26 16:02:17,006 validating....
2025-11-26 16:02:54,016 Epoch 10, validation AUC is 66.2597, training loss is 0.6145
2025-11-26 16:02:54,913 Epoch: 10/100 lr 1.000000e-04
2025-11-26 16:04:57,393 validating....
2025-11-26 16:05:34,476 Epoch 11, validation AUC is 65.5660, training loss is 0.6138
2025-11-26 16:05:34,478 Epoch: 11/100 lr 1.000000e-04
2025-11-26 16:07:38,395 validating....
2025-11-26 16:08:15,937 Epoch 12, validation AUC is 66.0655, training loss is 0.6036
2025-11-26 16:08:15,939 Epoch: 12/100 lr 1.000000e-04
2025-11-26 16:10:19,647 validating....
2025-11-26 16:10:56,978 Epoch 13, validation AUC is 66.3984, training loss is 0.6032
2025-11-26 16:10:57,547 Epoch: 13/100 lr 1.000000e-04
2025-11-26 16:12:59,892 validating....
2025-11-26 16:13:36,297 Epoch 14, validation AUC is 66.6482, training loss is 0.6139
2025-11-26 16:13:36,842 Epoch: 14/100 lr 1.000000e-04
2025-11-26 16:15:40,562 validating....
2025-11-26 16:16:17,130 Epoch 15, validation AUC is 66.8424, training loss is 0.5884
2025-11-26 16:16:17,678 Epoch: 15/100 lr 1.000000e-04
2025-11-26 16:18:19,998 validating....
2025-11-26 16:18:56,237 Epoch 16, validation AUC is 67.6748, training loss is 0.5955
2025-11-26 16:18:56,803 Epoch: 16/100 lr 1.000000e-04
2025-11-26 16:20:58,222 validating....
2025-11-26 16:21:34,599 Epoch 17, validation AUC is 67.8690, training loss is 0.5966
2025-11-26 16:21:35,181 Epoch: 17/100 lr 1.000000e-04
2025-11-26 16:23:37,998 validating....
2025-11-26 16:24:14,564 Epoch 18, validation AUC is 68.1465, training loss is 0.5721
2025-11-26 16:24:15,113 Epoch: 18/100 lr 1.000000e-04
