2025-11-26 05:55:35,825 slice_student-Train
2025-11-26 05:55:36,756 use: 1 gpus
2025-11-26 05:55:36,922 Epoch: 0/100 lr 1.000000e-04
2025-11-26 06:14:01,113 validating....
2025-11-26 06:19:32,021 Epoch 1 | AUC 99.59 | Acc 94.98% | F1 94.97% | Train Loss 0.3088
2025-11-26 06:19:32,025 Epoch: 1/100 lr 1.000000e-04
2025-11-26 06:38:03,303 validating....
2025-11-26 06:43:34,195 Epoch 2 | AUC 99.84 | Acc 97.06% | F1 97.06% | Train Loss 0.1029
2025-11-26 06:43:34,197 Epoch: 2/100 lr 1.000000e-04
2025-11-26 07:02:30,775 validating....
2025-11-26 07:08:02,604 Epoch 3 | AUC 99.82 | Acc 96.71% | F1 96.71% | Train Loss 0.0731
2025-11-26 07:08:02,607 Epoch: 3/100 lr 1.000000e-04
2025-11-26 07:26:45,216 validating....
2025-11-26 07:32:19,919 Epoch 4 | AUC 99.88 | Acc 96.62% | F1 96.61% | Train Loss 0.0611
2025-11-26 07:32:19,924 Epoch: 4/100 lr 1.000000e-04
2025-11-26 07:50:52,262 validating....
2025-11-26 07:56:23,098 Epoch 5 | AUC 99.94 | Acc 97.66% | F1 97.66% | Train Loss 0.0509
2025-11-26 07:56:23,101 Epoch: 5/100 lr 1.000000e-04
2025-11-26 08:14:53,074 validating....
2025-11-26 08:20:23,959 Epoch 6 | AUC 99.90 | Acc 97.14% | F1 97.14% | Train Loss 0.0473
2025-11-26 08:20:23,962 Epoch: 6/100 lr 1.000000e-04
2025-11-26 08:38:55,907 validating....
2025-11-26 08:44:26,790 Epoch 7 | AUC 99.94 | Acc 98.79% | F1 98.79% | Train Loss 0.0389
2025-11-26 08:44:26,793 Epoch: 7/100 lr 1.000000e-04
2025-11-26 09:02:57,470 validating....
2025-11-26 09:08:28,699 Epoch 8 | AUC 99.90 | Acc 97.40% | F1 97.40% | Train Loss 0.0336
2025-11-26 09:08:28,702 Epoch: 8/100 lr 1.000000e-04
2025-11-26 09:27:00,222 validating....
2025-11-26 09:32:30,646 Epoch 9 | AUC 99.92 | Acc 98.18% | F1 98.18% | Train Loss 0.0309
2025-11-26 09:32:30,648 Epoch: 9/100 lr 1.000000e-04
2025-11-26 09:51:00,386 validating....
2025-11-26 09:56:30,922 Epoch 10 | AUC 99.94 | Acc 98.44% | F1 98.44% | Train Loss 0.0329
2025-11-26 09:56:30,925 Epoch: 10/100 lr 1.000000e-04
2025-11-26 10:15:01,181 validating....
2025-11-26 10:20:32,106 Epoch 11 | AUC 99.95 | Acc 98.61% | F1 98.62% | Train Loss 0.0273
2025-11-26 10:20:32,108 Epoch: 11/100 lr 1.000000e-04
2025-11-26 10:39:04,021 validating....
2025-11-26 10:44:34,734 Epoch 12 | AUC 99.96 | Acc 98.53% | F1 98.53% | Train Loss 0.0264
2025-11-26 10:44:34,737 Epoch: 12/100 lr 1.000000e-04
2025-11-26 11:03:04,417 validating....
2025-11-26 11:08:35,461 Epoch 13 | AUC 99.93 | Acc 98.35% | F1 98.35% | Train Loss 0.0257
2025-11-26 11:08:35,464 Epoch: 13/100 lr 1.000000e-04
2025-11-26 11:27:05,486 validating....
2025-11-26 11:32:36,259 Epoch 14 | AUC 99.94 | Acc 98.01% | F1 98.01% | Train Loss 0.0237
2025-11-26 11:32:36,261 Epoch: 14/100 lr 1.000000e-04
2025-11-26 11:51:07,213 validating....
2025-11-26 11:56:37,806 Epoch 15 | AUC 99.96 | Acc 98.61% | F1 98.62% | Train Loss 0.0198
2025-11-26 11:56:37,809 Epoch: 15/100 lr 1.000000e-04
2025-11-26 12:15:09,709 validating....
2025-11-26 12:20:41,073 Epoch 16 | AUC 99.93 | Acc 97.23% | F1 97.23% | Train Loss 0.0166
2025-11-26 12:20:41,078 Epoch: 16/100 lr 1.000000e-04
2025-11-26 12:39:11,941 validating....
2025-11-26 12:44:43,158 Epoch 17 | AUC 99.84 | Acc 97.06% | F1 97.05% | Train Loss 0.0177
2025-11-26 12:44:43,161 Epoch: 17/100 lr 1.000000e-04
2025-11-26 13:03:12,761 validating....
2025-11-26 13:08:43,113 Epoch 18 | AUC 99.96 | Acc 98.01% | F1 98.01% | Train Loss 0.0167
2025-11-26 13:08:43,116 Epoch: 18/100 lr 1.000000e-04
2025-11-26 13:27:14,819 validating....
2025-11-26 13:32:46,184 Epoch 19 | AUC 99.97 | Acc 98.70% | F1 98.70% | Train Loss 0.0205
2025-11-26 13:32:46,187 Epoch: 19/100 lr 1.000000e-04
2025-11-26 13:51:17,042 validating....
2025-11-26 13:56:47,771 Epoch 20 | AUC 99.95 | Acc 97.40% | F1 97.40% | Train Loss 0.0174
2025-11-26 13:56:47,774 Epoch: 20/100 lr 1.000000e-04
2025-11-26 14:15:19,251 validating....
2025-11-26 14:20:51,072 Epoch 21 | AUC 99.96 | Acc 98.44% | F1 98.44% | Train Loss 0.0128
2025-11-26 14:20:51,076 Epoch: 21/100 lr 1.000000e-04
2025-11-26 14:39:23,830 validating....
2025-11-26 14:44:55,227 Epoch 22 | AUC 99.95 | Acc 98.27% | F1 98.27% | Train Loss 0.0120
2025-11-26 14:44:55,229 Epoch: 22/100 lr 1.000000e-04
2025-11-26 15:03:28,182 validating....
2025-11-26 15:08:59,420 Epoch 23 | AUC 99.92 | Acc 97.58% | F1 97.58% | Train Loss 0.0120
2025-11-26 15:08:59,423 Epoch: 23/100 lr 1.000000e-04
