2025-11-21 07:05:31,794 slice_student-Train
2025-11-21 07:05:32,711 use: 1 gpus
2025-11-21 07:05:32,875 Epoch: 0/100 lr 1.000000e-04
2025-11-21 07:45:13,052 validating....
2025-11-21 07:49:32,559 Epoch 1, validation AUC is 56.9984, training loss is 1.0816
2025-11-21 07:49:33,877 Epoch: 1/100 lr 1.000000e-04
2025-11-21 08:29:16,002 validating....
2025-11-21 08:33:34,900 Epoch 2, validation AUC is 55.6052, training loss is 1.0598
2025-11-21 08:33:34,902 Epoch: 2/100 lr 1.000000e-04
2025-11-21 09:13:14,998 validating....
2025-11-21 09:17:33,411 Epoch 3, validation AUC is 56.5023, training loss is 1.0626
2025-11-21 09:17:33,413 Epoch: 3/100 lr 1.000000e-04
2025-11-21 09:57:16,477 validating....
2025-11-21 10:01:35,463 Epoch 4, validation AUC is 51.2538, training loss is 1.0588
2025-11-21 10:01:35,465 Epoch: 4/100 lr 1.000000e-04
2025-11-21 10:41:19,944 validating....
2025-11-21 10:45:38,207 Epoch 5, validation AUC is 55.7064, training loss is 1.0596
2025-11-21 10:45:38,209 Epoch: 5/100 lr 1.000000e-04
2025-11-21 11:25:20,992 validating....
2025-11-21 11:29:39,518 Epoch 6, validation AUC is 49.9457, training loss is 1.0608
2025-11-21 11:29:39,520 Epoch: 6/100 lr 1.000000e-04
2025-11-21 12:09:22,558 validating....
2025-11-21 12:13:40,341 Epoch 7, validation AUC is 52.7297, training loss is 1.0592
2025-11-21 12:13:40,343 Epoch: 7/100 lr 1.000000e-04
2025-11-21 12:53:21,230 validating....
2025-11-21 12:57:39,222 Epoch 8, validation AUC is 58.0242, training loss is 1.0588
2025-11-21 12:57:41,010 Epoch: 8/100 lr 1.000000e-04
2025-11-21 13:37:22,269 validating....
2025-11-21 13:41:40,105 Epoch 9, validation AUC is 54.6766, training loss is 1.0582
2025-11-21 13:41:40,107 Epoch: 9/100 lr 1.000000e-04
2025-11-21 14:21:21,921 validating....
2025-11-21 14:25:39,567 Epoch 10, validation AUC is 52.7501, training loss is 1.0574
2025-11-21 14:25:39,569 Epoch: 10/100 lr 1.000000e-04
2025-11-21 15:05:16,137 validating....
2025-11-21 15:09:32,940 Epoch 11, validation AUC is 46.9973, training loss is 1.0591
2025-11-21 15:09:32,942 Epoch: 11/100 lr 1.000000e-04
2025-11-21 15:49:11,445 validating....
2025-11-21 15:53:27,470 Epoch 12, validation AUC is 54.4478, training loss is 1.0573
2025-11-21 15:53:27,473 Epoch: 12/100 lr 1.000000e-04
2025-11-21 16:33:02,564 validating....
2025-11-21 16:37:17,820 Epoch 13, validation AUC is 53.9098, training loss is 1.0563
2025-11-21 16:37:17,822 Epoch: 13/100 lr 1.000000e-04
2025-11-21 17:16:49,886 validating....
2025-11-21 17:21:04,500 Epoch 14, validation AUC is 48.9875, training loss is 1.0558
2025-11-21 17:21:04,502 Epoch: 14/100 lr 1.000000e-04
2025-11-21 18:00:30,520 validating....
2025-11-21 18:04:42,099 Epoch 15, validation AUC is 45.9782, training loss is 1.0575
2025-11-21 18:04:42,101 Epoch: 15/100 lr 1.000000e-04
