2025-11-23 06:25:14,913 slice_student-Train
2025-11-23 06:25:16,175 use: 1 gpus
2025-11-23 06:25:16,381 Epoch: 0/100 lr 1.000000e-04
2025-11-23 06:34:54,669 validating....
2025-11-23 06:39:58,185 Epoch 1, validation AUC is 50.0427, training loss is 1.0612
2025-11-23 06:39:58,595 Epoch: 1/100 lr 1.000000e-04
2025-11-23 06:53:05,729 validating....
2025-11-23 06:58:11,595 Epoch 2, validation AUC is 50.0000, training loss is 1.0545
2025-11-23 06:58:11,597 Epoch: 2/100 lr 1.000000e-04
2025-11-23 07:11:17,250 validating....
2025-11-23 07:16:21,057 Epoch 3, validation AUC is 50.0000, training loss is 1.0560
2025-11-23 07:16:21,059 Epoch: 3/100 lr 1.000000e-04
2025-11-23 07:29:32,085 validating....
2025-11-23 07:34:36,058 Epoch 4, validation AUC is 50.0000, training loss is 1.0542
2025-11-23 07:34:36,060 Epoch: 4/100 lr 1.000000e-04
2025-11-23 07:47:47,176 validating....
2025-11-23 07:52:50,971 Epoch 5, validation AUC is 50.0000, training loss is 1.0545
2025-11-23 07:52:50,974 Epoch: 5/100 lr 1.000000e-04
2025-11-23 08:05:59,282 validating....
2025-11-23 08:11:05,123 Epoch 6, validation AUC is 50.0000, training loss is 1.0557
2025-11-23 08:11:05,125 Epoch: 6/100 lr 1.000000e-04
2025-11-23 08:20:54,988 validating....
2025-11-23 08:23:26,796 Epoch 7, validation AUC is 50.0000, training loss is 1.0554
2025-11-23 08:23:26,798 Epoch: 7/100 lr 1.000000e-04
2025-11-23 08:29:48,728 validating....
2025-11-23 08:32:20,963 Epoch 8, validation AUC is 50.0648, training loss is 1.0554
2025-11-23 08:32:21,535 Epoch: 8/100 lr 1.000000e-04
2025-11-23 08:38:44,192 validating....
2025-11-23 08:41:16,361 Epoch 9, validation AUC is 50.0000, training loss is 1.0550
2025-11-23 08:41:16,363 Epoch: 9/100 lr 1.000000e-04
2025-11-23 08:47:38,983 validating....
2025-11-23 08:50:11,303 Epoch 10, validation AUC is 50.0000, training loss is 1.0544
2025-11-23 08:50:11,305 Epoch: 10/100 lr 1.000000e-04
2025-11-23 08:56:34,065 validating....
2025-11-23 08:59:06,215 Epoch 11, validation AUC is 49.9573, training loss is 1.0551
2025-11-23 08:59:06,217 Epoch: 11/100 lr 1.000000e-04
2025-11-23 09:05:28,527 validating....
2025-11-23 09:08:00,915 Epoch 12, validation AUC is 50.0000, training loss is 1.0553
2025-11-23 09:08:00,917 Epoch: 12/100 lr 1.000000e-04
2025-11-23 09:14:22,754 validating....
2025-11-23 09:16:55,174 Epoch 13, validation AUC is 50.0000, training loss is 1.0545
2025-11-23 09:16:55,176 Epoch: 13/100 lr 1.000000e-04
2025-11-23 09:23:17,153 validating....
2025-11-23 09:25:49,094 Epoch 14, validation AUC is 50.1319, training loss is 1.0537
2025-11-23 09:25:49,649 Epoch: 14/100 lr 1.000000e-04
2025-11-23 09:32:11,643 validating....
2025-11-23 09:34:44,058 Epoch 15, validation AUC is 50.0000, training loss is 1.0552
2025-11-23 09:34:44,060 Epoch: 15/100 lr 1.000000e-04
2025-11-23 09:41:06,269 validating....
2025-11-23 09:43:38,752 Epoch 16, validation AUC is 50.0000, training loss is 1.0554
2025-11-23 09:43:38,754 Epoch: 16/100 lr 1.000000e-04
2025-11-23 09:50:01,409 validating....
2025-11-23 09:52:33,596 Epoch 17, validation AUC is 50.0000, training loss is 1.0531
2025-11-23 09:52:33,599 Epoch: 17/100 lr 1.000000e-04
2025-11-23 09:58:56,616 validating....
2025-11-23 10:01:29,129 Epoch 18, validation AUC is 50.0000, training loss is 1.0553
2025-11-23 10:01:29,131 Epoch: 18/100 lr 1.000000e-04
2025-11-23 10:07:52,367 validating....
2025-11-23 10:10:25,316 Epoch 19, validation AUC is 50.0770, training loss is 1.0540
2025-11-23 10:10:25,318 Epoch: 19/100 lr 1.000000e-04
2025-11-23 10:16:48,095 validating....
2025-11-23 10:19:20,372 Epoch 20, validation AUC is 50.0000, training loss is 1.0554
2025-11-23 10:19:20,374 Epoch: 20/100 lr 1.000000e-04
2025-11-23 10:25:43,647 validating....
2025-11-23 10:28:16,056 Epoch 21, validation AUC is 49.9230, training loss is 1.0539
2025-11-23 10:28:16,059 Epoch: 21/100 lr 1.000000e-04
2025-11-23 10:34:39,407 validating....
2025-11-23 10:37:12,004 Epoch 22, validation AUC is 50.0000, training loss is 1.0546
2025-11-23 10:37:12,006 Epoch: 22/100 lr 1.000000e-04
2025-11-23 10:43:34,530 validating....
2025-11-23 10:46:06,954 Epoch 23, validation AUC is 50.0000, training loss is 1.0548
2025-11-23 10:46:06,957 Epoch: 23/100 lr 1.000000e-04
2025-11-23 10:52:29,736 validating....
2025-11-23 10:55:01,846 Epoch 24, validation AUC is 50.0000, training loss is 1.0545
2025-11-23 10:55:01,848 Early Stopping
